Arguments: 
  /usr/bin/node /usr/share/yarn/bin/yarn.js add nomedemon -D

PATH: 
  /usr/local/bin:/usr/local/sbin:/home/linuxbrew/.linuxbrew/bin:/home/linuxbrew/.linuxbrew/sbin:/home/joao/bin:/usr/sbin:/usr/bin:/sbin:/bin:/usr/games:/usr/local/games:/snap/bin:/home/joao/Android/Sdk/tools:/home/joao/Android/Sdk/platform-tools:/home/joao/.yadr/bin:/home/joao/.yadr/bin/yadr

Yarn version: 
  1.17.3

Node version: 
  10.16.3

Platform: 
  linux x64

Trace: 
  Error: https://registry.yarnpkg.com/nomedemon: Not found
      at Request.params.callback [as _callback] (/usr/share/yarn/lib/cli.js:66830:18)
      at Request.self.callback (/usr/share/yarn/lib/cli.js:140464:22)
      at Request.emit (events.js:198:13)
      at Request.<anonymous> (/usr/share/yarn/lib/cli.js:141436:10)
      at Request.emit (events.js:198:13)
      at IncomingMessage.<anonymous> (/usr/share/yarn/lib/cli.js:141358:12)
      at Object.onceWrapper (events.js:286:20)
      at IncomingMessage.emit (events.js:203:15)
      at endReadableNT (_stream_readable.js:1145:12)
      at process._tickCallback (internal/process/next_tick.js:63:19)

npm manifest: 
  {
    "name": "boot01",
    "version": "1.0.0",
    "main": "bot.js",
    "repository": "https://github.com/joaosl33p/BootDiscordTesst.git",
    "author": "João Gustavo <joaosl33p@gmail.com>",
    "license": "MIT",
    "dependencies": {
      "discord.js": "^11.5.1"
    }
  }

yarn manifest: 
  No manifest

Lockfile: 
  # THIS IS AN AUTOGENERATED FILE. DO NOT EDIT THIS FILE DIRECTLY.
  # yarn lockfile v1
  
  
  async-limiter@~1.0.0:
    version "1.0.1"
    resolved "https://registry.yarnpkg.com/async-limiter/-/async-limiter-1.0.1.tgz#dd379e94f0db8310b08291f9d64c3209766617fd"
    integrity sha512-csOlWGAcRFJaI6m+F2WKdnMKr4HhdhFVBk0H/QbJFMCr+uO2kwohwXQPxw/9OCxp05r5ghVBFSyioixx3gfkNQ==
  
  discord.js@^11.5.1:
    version "11.5.1"
    resolved "https://registry.yarnpkg.com/discord.js/-/discord.js-11.5.1.tgz#910fb9f6410328581093e044cafb661783a4d9e8"
    integrity sha512-tGhV5xaZXE3Z+4uXJb3hYM6gQ1NmnSxp9PClcsSAYFVRzH6AJH74040mO3afPDMWEAlj8XsoPXXTJHTxesqcGw==
    dependencies:
      long "^4.0.0"
      prism-media "^0.0.3"
      snekfetch "^3.6.4"
      tweetnacl "^1.0.0"
      ws "^6.0.0"
  
  long@^4.0.0:
    version "4.0.0"
    resolved "https://registry.yarnpkg.com/long/-/long-4.0.0.tgz#9a7b71cfb7d361a194ea555241c92f7468d5bf28"
    integrity sha512-XsP+KhQif4bjX1kbuSiySJFNAehNxgLb6hPRGJ9QsUr8ajHkuXGdrHmFUTUUXhDwVX2R5bY4JNZEwbUiMhV+MA==
  
  prism-media@^0.0.3:
    version "0.0.3"
    resolved "https://registry.yarnpkg.com/prism-media/-/prism-media-0.0.3.tgz#8842d4fae804f099d3b48a9a38e3c2bab6f4855b"
    integrity sha512-c9KkNifSMU/iXT8FFTaBwBMr+rdVcN+H/uNv1o+CuFeTThNZNTOrQ+RgXA1yL/DeLk098duAeRPP3QNPNbhxYQ==
  
  snekfetch@^3.6.4:
    version "3.6.4"
    resolved "https://registry.yarnpkg.com/snekfetch/-/snekfetch-3.6.4.tgz#d13e80a616d892f3d38daae4289f4d258a645120"
    integrity sha512-NjxjITIj04Ffqid5lqr7XdgwM7X61c/Dns073Ly170bPQHLm6jkmelye/eglS++1nfTWktpP6Y2bFXjdPlQqdw==
  
  tweetnacl@^1.0.0:
    version "1.0.1"
    resolved "https://registry.yarnpkg.com/tweetnacl/-/tweetnacl-1.0.1.tgz#2594d42da73cd036bd0d2a54683dd35a6b55ca17"
    integrity sha512-kcoMoKTPYnoeS50tzoqjPY3Uv9axeuuFAZY9M/9zFnhoVvRfxz9K29IMPD7jGmt2c8SW7i3gT9WqDl2+nV7p4A==
  
  ws@^6.0.0:
    version "6.2.1"
    resolved "https://registry.yarnpkg.com/ws/-/ws-6.2.1.tgz#442fdf0a47ed64f59b6a5d8ff130f4748ed524fb"
    integrity sha512-GIyAXC2cB7LjvpgMt9EKS2ldqr0MTrORaleiOno6TweZ6r3TKtoFQWay/2PceJ3RuBasOHzXNn5Lrw1X0bEjqA==
    dependencies:
      async-limiter "~1.0.0"
